<?xml version="1.0" encoding="UTF-8"?>
<!-- Generated by org.testng.reporters.JUnitXMLReporter -->
<testsuite ignored="0" hostname="DESKTOP-JCJ8HOK" failures="0" tests="3" name="Default test" time="2.642" errors="0" timestamp="29 Jun 2022 01:39:21 GMT">
  <testcase classname="testcases.PortifolioManagement" name="createPortifolio" time="0.033"/>
  <testcase classname="testcases.PortifolioManagement" name="deletePortifolio" time="0.007"/>
  <testcase classname="testcases.PortifolioManagement" name="modifyPortifolio" time="0.007"/>
</testsuite> <!-- Default test -->
