<?xml version="1.0" encoding="UTF-8" standalone="no"?>
<testsuite errors="0" failures="0" name="io.cucumber.core.plugin.JUnitFormatter" skipped="0" tests="2" time="1.53">
    <testcase classname="Amazon product Test" name="Verifying login is successful with valid credientials" time="0.804">
        <system-out><![CDATA[Given user should ne on login page..........................................passed
When user fills username  and password......................................passed
And clicks on SignIn button.................................................passed
Then user is navigated to the main page.....................................passed
]]></system-out>
    </testcase>
    <testcase classname="Amazon product Test" name="To check product added to addtokart page" time="0.102">
        <system-out><![CDATA[Given user is on product page...............................................passed
When user shoud selects the product.........................................passed
Then product should add to kart page........................................passed
]]></system-out>
    </testcase>
</testsuite>
