<?xml version="1.0" encoding="UTF-8" standalone="no"?>
<testsuite errors="0" failures="0" name="io.cucumber.core.plugin.JUnitFormatter" skipped="0" tests="2" time="1.115">
    <testcase classname="Feature for the demo tags" name="Sample Scenario1" time="0.33">
        <system-out><![CDATA[Given browseropen...........................................................passed
]]></system-out>
    </testcase>
    <testcase classname="Feature for the demo tags" name="" time="0.008">
        <system-out><![CDATA[Given browseropen...........................................................passed
]]></system-out>
    </testcase>
</testsuite>
