<?xml version="1.0" encoding="UTF-8"?>
<testng-results ignored="5" total="7" passed="2" failed="0" skipped="0">
  <reporter-output>
  </reporter-output>
  <suite started-at="2022-06-28T02:23:36Z" name="Suite" finished-at="2022-06-28T02:23:52Z" duration-ms="16081">
    <groups>
    </groups>
    <test started-at="2022-06-28T02:23:36Z" name="CreatePortifolioTest" finished-at="2022-06-28T02:23:52Z" duration-ms="16081">
      <class name="testcases.PortifolioManagement">
        <test-method is-config="true" signature="beforeMethod(org.testng.ITestContext)[pri:0, instance:testcases.PortifolioManagement@3a6bb9bf]" started-at="2022-06-28T02:23:50Z" name="beforeMethod" finished-at="2022-06-28T02:23:50Z" duration-ms="1" status="PASS">
          <params>
            <param index="0">
              <value>
                <![CDATA[org.testng.TestRunner@22a10ac6]]>
              </value>
            </param>
          </params>
          <reporter-output>
          </reporter-output>
        </test-method> <!-- beforeMethod -->
        <test-method signature="createPortifolio(org.testng.ITestContext)[pri:0, instance:testcases.PortifolioManagement@3a6bb9bf]" started-at="2022-06-28T02:23:50Z" name="createPortifolio" finished-at="2022-06-28T02:23:50Z" duration-ms="2" status="PASS">
          <params>
            <param index="0">
              <value>
                <![CDATA[org.testng.TestRunner@22a10ac6]]>
              </value>
            </param>
          </params>
          <reporter-output>
          </reporter-output>
        </test-method> <!-- createPortifolio -->
      </class> <!-- testcases.PortifolioManagement -->
      <class name="testcases.Session">
        <test-method is-config="true" signature="beforeTest(org.testng.ITestContext)[pri:0, instance:testcases.Session@68c72235]" started-at="2022-06-28T02:23:36Z" name="beforeTest" finished-at="2022-06-28T02:23:37Z" duration-ms="1142" status="PASS">
          <params>
            <param index="0">
              <value>
                <![CDATA[org.testng.TestRunner@22a10ac6]]>
              </value>
            </param>
          </params>
          <reporter-output>
          </reporter-output>
        </test-method> <!-- beforeTest -->
        <test-method is-config="true" signature="beforeMethod(org.testng.ITestContext)[pri:0, instance:testcases.Session@68c72235]" started-at="2022-06-28T02:23:37Z" name="beforeMethod" finished-at="2022-06-28T02:23:37Z" duration-ms="4" status="PASS">
          <params>
            <param index="0">
              <value>
                <![CDATA[org.testng.TestRunner@22a10ac6]]>
              </value>
            </param>
          </params>
          <reporter-output>
          </reporter-output>
        </test-method> <!-- beforeMethod -->
        <test-method signature="doLogin()[pri:0, instance:testcases.Session@68c72235]" started-at="2022-06-28T02:23:37Z" name="doLogin" finished-at="2022-06-28T02:23:50Z" duration-ms="13273" status="PASS">
          <reporter-output>
          </reporter-output>
        </test-method> <!-- doLogin -->
        <test-method is-config="true" signature="quit()[pri:0, instance:testcases.Session@68c72235]" started-at="2022-06-28T02:23:50Z" name="quit" finished-at="2022-06-28T02:23:52Z" duration-ms="1588" status="PASS">
          <reporter-output>
          </reporter-output>
        </test-method> <!-- quit -->
      </class> <!-- testcases.Session -->
    </test> <!-- CreatePortifolioTest -->
  </suite> <!-- Suite -->
</testng-results>
