<?xml version="1.0" encoding="UTF-8"?>
<testng-results ignored="4" total="6" passed="2" failed="0" skipped="0">
  <reporter-output>
  </reporter-output>
  <suite started-at="2022-06-27T02:20:45Z" name="Suite" finished-at="2022-06-27T02:20:57Z" duration-ms="12012">
    <groups>
    </groups>
    <test started-at="2022-06-27T02:20:45Z" name="CreatePortifolioTest" finished-at="2022-06-27T02:20:57Z" duration-ms="12012">
      <class name="testcases.PortifolioManagement">
        <test-method is-config="true" signature="beforeMethod(org.testng.ITestContext)[pri:0, instance:testcases.PortifolioManagement@10959ece]" started-at="2022-06-27T02:20:57Z" name="beforeMethod" finished-at="2022-06-27T02:20:57Z" duration-ms="1" status="PASS">
          <params>
            <param index="0">
              <value>
                <![CDATA[org.testng.TestRunner@7c8d5312]]>
              </value>
            </param>
          </params>
          <reporter-output>
          </reporter-output>
        </test-method> <!-- beforeMethod -->
        <test-method signature="createPortifolio()[pri:0, instance:testcases.PortifolioManagement@10959ece]" started-at="2022-06-27T02:20:57Z" name="createPortifolio" finished-at="2022-06-27T02:20:57Z" duration-ms="10" status="PASS">
          <reporter-output>
          </reporter-output>
        </test-method> <!-- createPortifolio -->
      </class> <!-- testcases.PortifolioManagement -->
      <class name="testcases.Session">
        <test-method is-config="true" signature="beforeTest(org.testng.ITestContext)[pri:0, instance:testcases.Session@6b8ca3c8]" started-at="2022-06-27T02:20:45Z" name="beforeTest" finished-at="2022-06-27T02:20:45Z" duration-ms="60" status="PASS">
          <params>
            <param index="0">
              <value>
                <![CDATA[org.testng.TestRunner@7c8d5312]]>
              </value>
            </param>
          </params>
          <reporter-output>
          </reporter-output>
        </test-method> <!-- beforeTest -->
        <test-method is-config="true" signature="beforeMethod(org.testng.ITestContext)[pri:0, instance:testcases.Session@6b8ca3c8]" started-at="2022-06-27T02:20:45Z" name="beforeMethod" finished-at="2022-06-27T02:20:45Z" duration-ms="1" status="PASS">
          <params>
            <param index="0">
              <value>
                <![CDATA[org.testng.TestRunner@7c8d5312]]>
              </value>
            </param>
          </params>
          <reporter-output>
          </reporter-output>
        </test-method> <!-- beforeMethod -->
        <test-method signature="doLogin()[pri:0, instance:testcases.Session@6b8ca3c8]" started-at="2022-06-27T02:20:45Z" name="doLogin" finished-at="2022-06-27T02:20:57Z" duration-ms="11870" status="PASS">
          <reporter-output>
          </reporter-output>
        </test-method> <!-- doLogin -->
      </class> <!-- testcases.Session -->
    </test> <!-- CreatePortifolioTest -->
  </suite> <!-- Suite -->
</testng-results>
