<?xml version="1.0" encoding="UTF-8"?>
<!-- Generated by org.testng.reporters.JUnitXMLReporter -->
<testsuite ignored="1" hostname="DESKTOP-JCJ8HOK" failures="0" tests="2" name="Default test" time="0.101" errors="0" timestamp="11 May 2022 03:26:15 GMT">
  <testcase classname="testNG.TNG_001" name="f" time="0.009"/>
  <testcase classname="testNG.TNG_001" name="z" time="0.005"/>
  <testcase classname="testNG.TNG_001" name="a" time="0.0">
    <ignored/>
  </testcase> <!-- a -->
</testsuite> <!-- Default test -->
