<?xml version="1.0" encoding="UTF-8"?>
<testng-results ignored="0" total="7" passed="7" failed="0" skipped="0">
  <reporter-output>
  </reporter-output>
  <suite started-at="2022-05-13T03:19:55Z" name="Suite" finished-at="2022-05-13T03:19:55Z" duration-ms="134">
    <groups>
    </groups>
    <test started-at="2022-05-13T03:19:55Z" name="Test" finished-at="2022-05-13T03:19:55Z" duration-ms="134">
      <class name="testNG.TestsParallel">
        <test-method signature="test7()[pri:0, instance:testNG.TestsParallel@40cb8df7]" started-at="2022-05-13T03:19:55Z" name="test7" finished-at="2022-05-13T03:19:55Z" duration-ms="62" status="PASS">
          <reporter-output>
          </reporter-output>
        </test-method> <!-- test7 -->
        <test-method signature="test1()[pri:0, instance:testNG.TestsParallel@40cb8df7]" started-at="2022-05-13T03:19:55Z" name="test1" finished-at="2022-05-13T03:19:55Z" duration-ms="39" status="PASS">
          <reporter-output>
          </reporter-output>
        </test-method> <!-- test1 -->
        <test-method signature="test4()[pri:0, instance:testNG.TestsParallel@40cb8df7]" started-at="2022-05-13T03:19:55Z" name="test4" finished-at="2022-05-13T03:19:55Z" duration-ms="34" status="PASS">
          <reporter-output>
          </reporter-output>
        </test-method> <!-- test4 -->
        <test-method signature="test2()[pri:0, instance:testNG.TestsParallel@40cb8df7]" started-at="2022-05-13T03:19:55Z" name="test2" finished-at="2022-05-13T03:19:55Z" duration-ms="42" status="PASS">
          <reporter-output>
          </reporter-output>
        </test-method> <!-- test2 -->
        <test-method signature="test6()[pri:0, instance:testNG.TestsParallel@40cb8df7]" started-at="2022-05-13T03:19:55Z" name="test6" finished-at="2022-05-13T03:19:55Z" duration-ms="37" status="PASS">
          <reporter-output>
          </reporter-output>
        </test-method> <!-- test6 -->
        <test-method signature="test5()[pri:0, instance:testNG.TestsParallel@40cb8df7]" started-at="2022-05-13T03:19:55Z" name="test5" finished-at="2022-05-13T03:19:55Z" duration-ms="38" status="PASS">
          <reporter-output>
          </reporter-output>
        </test-method> <!-- test5 -->
        <test-method signature="test3()[pri:0, instance:testNG.TestsParallel@40cb8df7]" started-at="2022-05-13T03:19:55Z" name="test3" finished-at="2022-05-13T03:19:55Z" duration-ms="41" status="PASS">
          <reporter-output>
          </reporter-output>
        </test-method> <!-- test3 -->
      </class> <!-- testNG.TestsParallel -->
    </test> <!-- Test -->
  </suite> <!-- Suite -->
</testng-results>
