<?xml version="1.0" encoding="UTF-8"?>
<testng-results ignored="0" total="6" passed="6" failed="0" skipped="0">
  <reporter-output>
  </reporter-output>
  <suite started-at="2022-06-16T02:22:23Z" name="Suite" finished-at="2022-06-16T02:23:41Z" duration-ms="77998">
    <groups>
    </groups>
    <test started-at="2022-06-16T02:22:23Z" name="Test" finished-at="2022-06-16T02:23:41Z" duration-ms="77998">
      <class name="project.grid.GridDemo">
        <test-method signature="test4()[pri:0, instance:project.grid.GridDemo@38e79ae3]" started-at="2022-06-16T02:22:23Z" name="test4" finished-at="2022-06-16T02:22:57Z" duration-ms="33947" status="PASS">
          <reporter-output>
          </reporter-output>
        </test-method> <!-- test4 -->
        <test-method signature="test2()[pri:0, instance:project.grid.GridDemo@38e79ae3]" started-at="2022-06-16T02:22:23Z" name="test2" finished-at="2022-06-16T02:23:22Z" duration-ms="59511" status="PASS">
          <reporter-output>
          </reporter-output>
        </test-method> <!-- test2 -->
        <test-method signature="test1()[pri:0, instance:project.grid.GridDemo@38e79ae3]" started-at="2022-06-16T02:22:23Z" name="test1" finished-at="2022-06-16T02:23:00Z" duration-ms="37396" status="PASS">
          <reporter-output>
          </reporter-output>
        </test-method> <!-- test1 -->
        <test-method signature="test3()[pri:0, instance:project.grid.GridDemo@38e79ae3]" started-at="2022-06-16T02:22:23Z" name="test3" finished-at="2022-06-16T02:23:25Z" duration-ms="62544" status="PASS">
          <reporter-output>
          </reporter-output>
        </test-method> <!-- test3 -->
        <test-method signature="test5()[pri:0, instance:project.grid.GridDemo@38e79ae3]" started-at="2022-06-16T02:22:23Z" name="test5" finished-at="2022-06-16T02:23:24Z" duration-ms="61217" status="PASS">
          <reporter-output>
          </reporter-output>
        </test-method> <!-- test5 -->
        <test-method signature="test6()[pri:0, instance:project.grid.GridDemo@38e79ae3]" started-at="2022-06-16T02:22:57Z" name="test6" finished-at="2022-06-16T02:23:41Z" duration-ms="43965" status="PASS">
          <reporter-output>
          </reporter-output>
        </test-method> <!-- test6 -->
      </class> <!-- project.grid.GridDemo -->
    </test> <!-- Test -->
  </suite> <!-- Suite -->
</testng-results>
