<?xml version="1.0" encoding="UTF-8"?>
<testng-results skipped="0" failed="0" ignored="0" total="1" passed="1">
  <reporter-output>
  </reporter-output>
  <suite name="Suite" duration-ms="35817" started-at="2022-06-03T03:10:32Z" finished-at="2022-06-03T03:11:07Z">
    <groups>
      <group name="regression">
        <method signature="TNG_002.amazon()[pri:0, instance:testNG.TNG_002@5622fdf]" name="amazon" class="testNG.TNG_002"/>
      </group> <!-- regression -->
      <group name="sanity">
        <method signature="TNG_002.amazon()[pri:0, instance:testNG.TNG_002@5622fdf]" name="amazon" class="testNG.TNG_002"/>
      </group> <!-- sanity -->
    </groups>
    <test name="Test" duration-ms="35817" started-at="2022-06-03T03:10:32Z" finished-at="2022-06-03T03:11:07Z">
      <class name="testNG.TNG_002">
        <test-method status="PASS" signature="startUp(java.lang.String)[pri:0, instance:testNG.TNG_002@5622fdf]" name="startUp" is-config="true" duration-ms="18165" started-at="2022-06-03T03:10:32Z" finished-at="2022-06-03T03:10:50Z">
          <params>
            <param index="0">
              <value>
                <![CDATA[chrome]]>
              </value>
            </param>
          </params>
          <reporter-output>
          </reporter-output>
        </test-method> <!-- startUp -->
        <test-method status="PASS" signature="amazon()[pri:0, instance:testNG.TNG_002@5622fdf]" name="amazon" duration-ms="12738" started-at="2022-06-03T03:10:50Z" finished-at="2022-06-03T03:11:03Z">
          <reporter-output>
          </reporter-output>
        </test-method> <!-- amazon -->
        <test-method status="PASS" signature="endProcess()[pri:0, instance:testNG.TNG_002@5622fdf]" name="endProcess" is-config="true" duration-ms="4787" started-at="2022-06-03T03:11:03Z" finished-at="2022-06-03T03:11:07Z">
          <reporter-output>
          </reporter-output>
        </test-method> <!-- endProcess -->
      </class> <!-- testNG.TNG_002 -->
    </test> <!-- Test -->
  </suite> <!-- Suite -->
</testng-results>
