<?xml version="1.0" encoding="UTF-8"?>
<!-- Generated by org.testng.reporters.JUnitXMLReporter -->
<testsuite ignored="2" hostname="DESKTOP-JCJ8HOK" failures="0" tests="9" name="Test" time="0.196" errors="0" timestamp="24 Jun 2022 02:00:33 GMT">
  <testcase classname="testcases.Session" name="doLogin" time="0.009"/>
  <testcase classname="testcases.Session" name="doLogout" time="0.002"/>
  <testcase classname="testcases.PortifolioManagement" name="createPortifolio" time="0.007"/>
  <testcase classname="testcases.PortifolioManagement" name="deletePortifolio" time="0.006"/>
  <testcase classname="testcases.PortifolioManagement" name="modifyPortifolio" time="0.004"/>
  <testcase classname="testcases.StockManagement" name="addStock" time="0.002"/>
  <testcase classname="testcases.StockManagement" name="deleteStock" time="0.008"/>
  <testcase classname="testcases.StockManagement" name="modifiyStock" time="0.006"/>
  <testcase classname="testcases.StockManagement" name="verifyStock" time="0.002"/>
  <testcase classname="testcases.BaseTest" name="@BeforeTest beforeTest" time="0.0">
    <ignored/>
  </testcase> <!-- @BeforeTest beforeTest -->
  <testcase classname="testcases.BaseTest" name="@BeforeTest beforeTest" time="0.0">
    <ignored/>
  </testcase> <!-- @BeforeTest beforeTest -->
</testsuite> <!-- Test -->
